This is pdfTeX, Version 3.14159265-2.6-1.40.19 (TeX Live 2018) (preloaded format=pdflatex 2018.4.16)  13 NOV 2018 13:38
entering extended mode
 restricted \write18 enabled.
 file:line:error style messages enabled.
 %&-line parsing enabled.
**cornell.cls
(./cornell.cls
LaTeX2e <2018-04-01> patch level 2
Babel <3.18> and hyphenation patterns for 84 language(s) loaded.

LaTeX Warning: You have requested package `',
               but the package provides `cornell'.

Package: cornell 2008/4/17 v2.9 Cornell University thesis class

./cornell.cls:81: LaTeX Error: Missing \begin{document}.

See the LaTeX manual or LaTeX Companion for explanation.
Type  H <return>  for immediate help.
 ...                                              
                                                  
l.81 \newcommand{\prelim@contents}[1]{}
                                       
? 
./cornell.cls:81: Emergency stop.
 ...                                              
                                                  
l.81 \newcommand{\prelim@contents}[1]{}
                                       
You're in trouble here.  Try typing  <return>  to proceed.
If that doesn't work, type  X <return>  to quit.

 
Here is how much of TeX's memory you used:
 32 strings out of 492649
 611 string characters out of 6129622
 56400 words of memory out of 5000000
 4013 multiletter control sequences out of 15000+600000
 3640 words of font info for 14 fonts, out of 8000000 for 9000
 1141 hyphenation exceptions out of 8191
 9i,0n,10p,120b,14s stack positions out of 5000i,500n,10000p,200000b,80000s
./cornell.cls:81:  ==> Fatal error occurred, no output PDF file produced!
